

*******************************************************************************
Wed Sep 03 16:28:12 2014


FIT:    data read from 'Kalibration.dat' u ($1*1.238/10**10):2
        #datapoints = 15
        residuals are weighted equally (unit weight)

function used for fitting: f(x)
fitted parameters initialized with current variable values



 Iteration 0
 WSSR        : 1.14926e+006      delta(WSSR)/WSSR   : 0
 delta(WSSR) : 0                 limit for stopping : 1e-005
 lambda	  : 0.707107

initial set of free parameter values

m               = 1.18952
b               = 452

After 1 iterations the fit converged.
final sum of squares of residuals : 1.14926e+006
rel. change during last iteration : -2.02592e-016

degrees of freedom    (FIT_NDF)                        : 13
rms of residuals      (FIT_STDFIT) = sqrt(WSSR/ndf)    : 297.329
variance of residuals (reduced chisquare) = WSSR/ndf   : 88404.5

Final set of parameters            Asymptotic Standard Error
=======================            ==========================

m               = 1.18952          +/- 3.402e+010   (2.86e+012%)
b               = 452              +/- 147.1        (32.55%)


correlation matrix of the fit parameters:

               m      b      
m               1.000 
b              -0.853  1.000 


*******************************************************************************
Wed Sep 03 16:30:19 2014


FIT:    data read from 'Kalibration.dat' u ($1*1.238):2
        #datapoints = 15
        residuals are weighted equally (unit weight)

function used for fitting: f(x)
fitted parameters initialized with current variable values



 Iteration 0
 WSSR        : 1.11873e+006      delta(WSSR)/WSSR   : 0
 delta(WSSR) : 0                 limit for stopping : 1e-005
 lambda	  : 4.36406

initial set of free parameter values

m               = 1.18952
b               = 452

After 4 iterations the fit converged.
final sum of squares of residuals : 51.1301
rel. change during last iteration : -5.37876e-006

degrees of freedom    (FIT_NDF)                        : 13
rms of residuals      (FIT_STDFIT) = sqrt(WSSR/ndf)    : 1.9832
variance of residuals (reduced chisquare) = WSSR/ndf   : 3.93308

Final set of parameters            Asymptotic Standard Error
=======================            ==========================

m               = 87.2933          +/- 0.1615       (0.185%)
b               = -1.89024         +/- 0.9835       (52.03%)


correlation matrix of the fit parameters:

               m      b      
m               1.000 
b              -0.854  1.000 


*******************************************************************************
Wed Sep 03 16:31:12 2014


FIT:    data read from 'Kalibration.dat' u ($1*1.238*100):2
        #datapoints = 15
        residuals are weighted equally (unit weight)

function used for fitting: f(x)
fitted parameters initialized with current variable values



 Iteration 0
 WSSR        : 4.15509e+010      delta(WSSR)/WSSR   : 0
 delta(WSSR) : 0                 limit for stopping : 1e-005
 lambda	  : 430.64

initial set of free parameter values

m               = 87.2933
b               = -1.89024

After 5 iterations the fit converged.
final sum of squares of residuals : 51.1301
rel. change during last iteration : -1.48734e-006

degrees of freedom    (FIT_NDF)                        : 13
rms of residuals      (FIT_STDFIT) = sqrt(WSSR/ndf)    : 1.9832
variance of residuals (reduced chisquare) = WSSR/ndf   : 3.93308

Final set of parameters            Asymptotic Standard Error
=======================            ==========================

m               = 0.872933         +/- 0.001615     (0.185%)
b               = -1.89025         +/- 0.9835       (52.03%)


correlation matrix of the fit parameters:

               m      b      
m               1.000 
b              -0.854  1.000 
