

*******************************************************************************
Sat Sep 06 20:56:14 2014


FIT:    data read from 'Luftspule.dat' u 1:(log($2)):(0.1/$2)
        #datapoints = 22
function used for fitting: f(x)
fitted parameters initialized with current variable values



 Iteration 0
 WSSR        : 1649.99           delta(WSSR)/WSSR   : 0
 delta(WSSR) : 0                 limit for stopping : 1e-005
 lambda	  : 10.21

initial set of free parameter values

m               = -157.645
b               = 1.1132

After 7 iterations the fit converged.
final sum of squares of residuals : 109.366
rel. change during last iteration : -9.19855e-010

degrees of freedom    (FIT_NDF)                        : 20
rms of residuals      (FIT_STDFIT) = sqrt(WSSR/ndf)    : 2.33843
variance of residuals (reduced chisquare) = WSSR/ndf   : 5.46828

Final set of parameters            Asymptotic Standard Error
=======================            ==========================

m               = -6063.38         +/- 437.5        (7.215%)
b               = 1.16937          +/- 0.04553      (3.893%)


correlation matrix of the fit parameters:

               m      b      
m               1.000 
b              -0.652  1.000 


*******************************************************************************
Sat Sep 06 22:27:10 2014


FIT:    data read from 'Luftspule.dat' u 1:(log($2)):(0.1/$2)
        #datapoints = 22
function used for fitting: f(x)
fitted parameters initialized with current variable values



 Iteration 0
 WSSR        : 1649.99           delta(WSSR)/WSSR   : 0
 delta(WSSR) : 0                 limit for stopping : 1e-005
 lambda	  : 10.21

initial set of free parameter values

m               = -315.291
b               = 1.1132

After 7 iterations the fit converged.
final sum of squares of residuals : 109.366
rel. change during last iteration : -2.74447e-007

degrees of freedom    (FIT_NDF)                        : 20
rms of residuals      (FIT_STDFIT) = sqrt(WSSR/ndf)    : 2.33843
variance of residuals (reduced chisquare) = WSSR/ndf   : 5.46828

Final set of parameters            Asymptotic Standard Error
=======================            ==========================

m               = -12126.8         +/- 874.9        (7.215%)
b               = 1.16937          +/- 0.04553      (3.893%)


correlation matrix of the fit parameters:

               m      b      
m               1.000 
b              -0.652  1.000 
